Analysis & Synthesis report for processor_with_ROM
Wed May 22 23:48:02 2019
Quartus Prime Version 18.1.0 Build 625 09/12/2018 SJ Lite Edition


---------------------
; Table of Contents ;
---------------------
  1. Legal Notice
  2. Analysis & Synthesis Summary
  3. Analysis & Synthesis Settings
  4. Parallel Compilation
  5. Analysis & Synthesis Source Files Read
  6. Analysis & Synthesis Resource Usage Summary
  7. Analysis & Synthesis Resource Utilization by Entity
  8. Analysis & Synthesis RAM Summary
  9. Analysis & Synthesis IP Cores Summary
 10. Registers Protected by Synthesis
 11. General Register Statistics
 12. Multiplexer Restructuring Statistics (Restructuring Performed)
 13. Source assignments for inst_mem:mem|altsyncram:altsyncram_component|altsyncram_7ag1:auto_generated
 14. Source assignments for proc:cpu
 15. Source assignments for proc:cpu|cu_FSM:cu
 16. Parameter Settings for User Entity Instance: counter_N_bits:counter
 17. Parameter Settings for User Entity Instance: inst_mem:mem|altsyncram:altsyncram_component
 18. Parameter Settings for User Entity Instance: proc:cpu|add_sub_unit:addsub
 19. Parameter Settings for User Entity Instance: proc:cpu|regn:reg_0
 20. Parameter Settings for User Entity Instance: proc:cpu|regn:reg_1
 21. Parameter Settings for User Entity Instance: proc:cpu|regn:reg_2
 22. Parameter Settings for User Entity Instance: proc:cpu|regn:reg_3
 23. Parameter Settings for User Entity Instance: proc:cpu|regn:reg_4
 24. Parameter Settings for User Entity Instance: proc:cpu|regn:reg_5
 25. Parameter Settings for User Entity Instance: proc:cpu|regn:reg_6
 26. Parameter Settings for User Entity Instance: proc:cpu|regn:reg_G
 27. Parameter Settings for User Entity Instance: proc:cpu|regn:reg_IR
 28. Parameter Settings for User Entity Instance: proc:cpu|regn:reg_A
 29. Parameter Settings for User Entity Instance: proc:cpu|regn:reg_ADDR
 30. Parameter Settings for User Entity Instance: proc:cpu|regn:reg_DOUT
 31. Parameter Settings for User Entity Instance: proc:cpu|regn:reg_W
 32. Parameter Settings for User Entity Instance: proc:cpu|cu_FSM:cu
 33. altsyncram Parameter Settings by Entity Instance
 34. Port Connectivity Checks: "proc:cpu|cu_FSM:cu|dec3to8:decY"
 35. Port Connectivity Checks: "proc:cpu|cu_FSM:cu|dec3to8:decX"
 36. Port Connectivity Checks: "proc:cpu|regn:reg_W"
 37. Port Connectivity Checks: "proc:cpu|add_sub_unit:addsub"
 38. Port Connectivity Checks: "proc:cpu"
 39. Port Connectivity Checks: "counter_N_bits:counter"
 40. Post-Synthesis Netlist Statistics for Top Partition
 41. Elapsed Time Per Partition
 42. Analysis & Synthesis Messages
 43. Analysis & Synthesis Suppressed Messages



----------------
; Legal Notice ;
----------------
Copyright (C) 2018  Intel Corporation. All rights reserved.
Your use of Intel Corporation's design tools, logic functions 
and other software and tools, and its AMPP partner logic 
functions, and any output files from any of the foregoing 
(including device programming or simulation files), and any 
associated documentation or information are expressly subject 
to the terms and conditions of the Intel Program License 
Subscription Agreement, the Intel Quartus Prime License Agreement,
the Intel FPGA IP License Agreement, or other applicable license
agreement, including, without limitation, that your use is for
the sole purpose of programming logic devices manufactured by
Intel and sold by Intel or its authorized distributors.  Please
refer to the applicable agreement for further details.



+-------------------------------------------------------------------------------+
; Analysis & Synthesis Summary                                                  ;
+---------------------------------+---------------------------------------------+
; Analysis & Synthesis Status     ; Successful - Wed May 22 23:48:02 2019       ;
; Quartus Prime Version           ; 18.1.0 Build 625 09/12/2018 SJ Lite Edition ;
; Revision Name                   ; processor_with_ROM                          ;
; Top-level Entity Name           ; processor_with_ROM                          ;
; Family                          ; Cyclone V                                   ;
; Logic utilization (in ALMs)     ; N/A                                         ;
; Total registers                 ; 106                                         ;
; Total pins                      ; 14                                          ;
; Total virtual pins              ; 0                                           ;
; Total block memory bits         ; 288                                         ;
; Total DSP Blocks                ; 0                                           ;
; Total HSSI RX PCSs              ; 0                                           ;
; Total HSSI PMA RX Deserializers ; 0                                           ;
; Total HSSI TX PCSs              ; 0                                           ;
; Total HSSI PMA TX Serializers   ; 0                                           ;
; Total PLLs                      ; 0                                           ;
; Total DLLs                      ; 0                                           ;
+---------------------------------+---------------------------------------------+


+---------------------------------------------------------------------------------------------------------------------------+
; Analysis & Synthesis Settings                                                                                             ;
+---------------------------------------------------------------------------------+--------------------+--------------------+
; Option                                                                          ; Setting            ; Default Value      ;
+---------------------------------------------------------------------------------+--------------------+--------------------+
; Device                                                                          ; 5CSEMA5F31C6       ;                    ;
; Top-level entity name                                                           ; processor_with_ROM ; processor_with_ROM ;
; Family name                                                                     ; Cyclone V          ; Cyclone V          ;
; Use smart compilation                                                           ; Off                ; Off                ;
; Enable parallel Assembler and Timing Analyzer during compilation                ; On                 ; On                 ;
; Enable compact report table                                                     ; Off                ; Off                ;
; Restructure Multiplexers                                                        ; Auto               ; Auto               ;
; MLAB Add Timing Constraints For Mixed-Port Feed-Through Mode Setting Don't Care ; Off                ; Off                ;
; Create Debugging Nodes for IP Cores                                             ; Off                ; Off                ;
; Preserve fewer node names                                                       ; On                 ; On                 ;
; Intel FPGA IP Evaluation Mode                                                   ; Enable             ; Enable             ;
; Verilog Version                                                                 ; Verilog_2001       ; Verilog_2001       ;
; VHDL Version                                                                    ; VHDL_1993          ; VHDL_1993          ;
; State Machine Processing                                                        ; Auto               ; Auto               ;
; Safe State Machine                                                              ; Off                ; Off                ;
; Extract Verilog State Machines                                                  ; On                 ; On                 ;
; Extract VHDL State Machines                                                     ; On                 ; On                 ;
; Ignore Verilog initial constructs                                               ; Off                ; Off                ;
; Iteration limit for constant Verilog loops                                      ; 5000               ; 5000               ;
; Iteration limit for non-constant Verilog loops                                  ; 250                ; 250                ;
; Add Pass-Through Logic to Inferred RAMs                                         ; On                 ; On                 ;
; Infer RAMs from Raw Logic                                                       ; On                 ; On                 ;
; Parallel Synthesis                                                              ; On                 ; On                 ;
; DSP Block Balancing                                                             ; Auto               ; Auto               ;
; NOT Gate Push-Back                                                              ; On                 ; On                 ;
; Power-Up Don't Care                                                             ; On                 ; On                 ;
; Remove Redundant Logic Cells                                                    ; Off                ; Off                ;
; Remove Duplicate Registers                                                      ; On                 ; On                 ;
; Ignore CARRY Buffers                                                            ; Off                ; Off                ;
; Ignore CASCADE Buffers                                                          ; Off                ; Off                ;
; Ignore GLOBAL Buffers                                                           ; Off                ; Off                ;
; Ignore ROW GLOBAL Buffers                                                       ; Off                ; Off                ;
; Ignore LCELL Buffers                                                            ; Off                ; Off                ;
; Ignore SOFT Buffers                                                             ; On                 ; On                 ;
; Limit AHDL Integers to 32 Bits                                                  ; Off                ; Off                ;
; Optimization Technique                                                          ; Balanced           ; Balanced           ;
; Carry Chain Length                                                              ; 70                 ; 70                 ;
; Auto Carry Chains                                                               ; On                 ; On                 ;
; Auto Open-Drain Pins                                                            ; On                 ; On                 ;
; Perform WYSIWYG Primitive Resynthesis                                           ; Off                ; Off                ;
; Auto ROM Replacement                                                            ; On                 ; On                 ;
; Auto RAM Replacement                                                            ; On                 ; On                 ;
; Auto DSP Block Replacement                                                      ; On                 ; On                 ;
; Auto Shift Register Replacement                                                 ; Auto               ; Auto               ;
; Allow Shift Register Merging across Hierarchies                                 ; Auto               ; Auto               ;
; Auto Clock Enable Replacement                                                   ; On                 ; On                 ;
; Strict RAM Replacement                                                          ; Off                ; Off                ;
; Allow Synchronous Control Signals                                               ; On                 ; On                 ;
; Force Use of Synchronous Clear Signals                                          ; Off                ; Off                ;
; Auto Resource Sharing                                                           ; Off                ; Off                ;
; Allow Any RAM Size For Recognition                                              ; Off                ; Off                ;
; Allow Any ROM Size For Recognition                                              ; Off                ; Off                ;
; Allow Any Shift Register Size For Recognition                                   ; Off                ; Off                ;
; Use LogicLock Constraints during Resource Balancing                             ; On                 ; On                 ;
; Ignore translate_off and synthesis_off directives                               ; Off                ; Off                ;
; Timing-Driven Synthesis                                                         ; On                 ; On                 ;
; Report Parameter Settings                                                       ; On                 ; On                 ;
; Report Source Assignments                                                       ; On                 ; On                 ;
; Report Connectivity Checks                                                      ; On                 ; On                 ;
; Ignore Maximum Fan-Out Assignments                                              ; Off                ; Off                ;
; Synchronization Register Chain Length                                           ; 3                  ; 3                  ;
; Power Optimization During Synthesis                                             ; Normal compilation ; Normal compilation ;
; HDL message level                                                               ; Level2             ; Level2             ;
; Suppress Register Optimization Related Messages                                 ; Off                ; Off                ;
; Number of Removed Registers Reported in Synthesis Report                        ; 5000               ; 5000               ;
; Number of Swept Nodes Reported in Synthesis Report                              ; 5000               ; 5000               ;
; Number of Inverted Registers Reported in Synthesis Report                       ; 100                ; 100                ;
; Clock MUX Protection                                                            ; On                 ; On                 ;
; Auto Gated Clock Conversion                                                     ; Off                ; Off                ;
; Block Design Naming                                                             ; Auto               ; Auto               ;
; SDC constraint protection                                                       ; Off                ; Off                ;
; Synthesis Effort                                                                ; Auto               ; Auto               ;
; Shift Register Replacement - Allow Asynchronous Clear Signal                    ; On                 ; On                 ;
; Pre-Mapping Resynthesis Optimization                                            ; Off                ; Off                ;
; Analysis & Synthesis Message Level                                              ; Medium             ; Medium             ;
; Disable Register Merging Across Hierarchies                                     ; Auto               ; Auto               ;
; Resource Aware Inference For Block RAM                                          ; On                 ; On                 ;
; Automatic Parallel Synthesis                                                    ; On                 ; On                 ;
; Partial Reconfiguration Bitstream ID                                            ; Off                ; Off                ;
+---------------------------------------------------------------------------------+--------------------+--------------------+


+------------------------------------------+
; Parallel Compilation                     ;
+----------------------------+-------------+
; Processors                 ; Number      ;
+----------------------------+-------------+
; Number detected on machine ; 8           ;
; Maximum allowed            ; 4           ;
;                            ;             ;
; Average used               ; 1.00        ;
; Maximum used               ; 4           ;
;                            ;             ;
; Usage by Processor         ; % Time Used ;
;     Processor 1            ; 100.0%      ;
;     Processors 2-4         ;   0.0%      ;
+----------------------------+-------------+


+---------------------------------------------------------------------------------------------------------------------------------------------------------------------+
; Analysis & Synthesis Source Files Read                                                                                                                              ;
+----------------------------------+-----------------+----------------------------------+-------------------------------------------------------------------+---------+
; File Name with User-Entered Path ; Used in Netlist ; File Type                        ; File Name with Absolute Path                                      ; Library ;
+----------------------------------+-----------------+----------------------------------+-------------------------------------------------------------------+---------+
; inst_mem.mif                     ; yes             ; User Memory Initialization File  ; C:/Users/admin/Desktop/sw/sw_proc/inst_mem.mif                    ;         ;
; regn.v                           ; yes             ; User Verilog HDL File            ; C:/Users/admin/Desktop/sw/sw_proc/regn.v                          ;         ;
; proc_multiplexers.v              ; yes             ; User Verilog HDL File            ; C:/Users/admin/Desktop/sw/sw_proc/proc_multiplexers.v             ;         ;
; proc.v                           ; yes             ; User Verilog HDL File            ; C:/Users/admin/Desktop/sw/sw_proc/proc.v                          ;         ;
; dec3to8.v                        ; yes             ; User Verilog HDL File            ; C:/Users/admin/Desktop/sw/sw_proc/dec3to8.v                       ;         ;
; cu_FSM.v                         ; yes             ; User Verilog HDL File            ; C:/Users/admin/Desktop/sw/sw_proc/cu_FSM.v                        ;         ;
; add_sub_unit.v                   ; yes             ; User Verilog HDL File            ; C:/Users/admin/Desktop/sw/sw_proc/add_sub_unit.v                  ;         ;
; processor_with_ROM.v             ; yes             ; User Verilog HDL File            ; C:/Users/admin/Desktop/sw/sw_proc/processor_with_ROM.v            ;         ;
; counter_N_bits.v                 ; yes             ; User Verilog HDL File            ; C:/Users/admin/Desktop/sw/sw_proc/counter_N_bits.v                ;         ;
; inst_mem.v                       ; yes             ; User Wizard-Generated File       ; C:/Users/admin/Desktop/sw/sw_proc/inst_mem.v                      ;         ;
; counter_9_bits_on_sload.v        ; yes             ; User Verilog HDL File            ; C:/Users/admin/Desktop/sw/sw_proc/counter_9_bits_on_sload.v       ;         ;
; altsyncram.tdf                   ; yes             ; Megafunction                     ; d:/quartus4/quartus/libraries/megafunctions/altsyncram.tdf        ;         ;
; stratix_ram_block.inc            ; yes             ; Megafunction                     ; d:/quartus4/quartus/libraries/megafunctions/stratix_ram_block.inc ;         ;
; lpm_mux.inc                      ; yes             ; Megafunction                     ; d:/quartus4/quartus/libraries/megafunctions/lpm_mux.inc           ;         ;
; lpm_decode.inc                   ; yes             ; Megafunction                     ; d:/quartus4/quartus/libraries/megafunctions/lpm_decode.inc        ;         ;
; aglobal181.inc                   ; yes             ; Megafunction                     ; d:/quartus4/quartus/libraries/megafunctions/aglobal181.inc        ;         ;
; a_rdenreg.inc                    ; yes             ; Megafunction                     ; d:/quartus4/quartus/libraries/megafunctions/a_rdenreg.inc         ;         ;
; altrom.inc                       ; yes             ; Megafunction                     ; d:/quartus4/quartus/libraries/megafunctions/altrom.inc            ;         ;
; altram.inc                       ; yes             ; Megafunction                     ; d:/quartus4/quartus/libraries/megafunctions/altram.inc            ;         ;
; altdpram.inc                     ; yes             ; Megafunction                     ; d:/quartus4/quartus/libraries/megafunctions/altdpram.inc          ;         ;
; db/altsyncram_7ag1.tdf           ; yes             ; Auto-Generated Megafunction      ; C:/Users/admin/Desktop/sw/sw_proc/db/altsyncram_7ag1.tdf          ;         ;
+----------------------------------+-----------------+----------------------------------+-------------------------------------------------------------------+---------+


+------------------------------------------------------------+
; Analysis & Synthesis Resource Usage Summary                ;
+---------------------------------------------+--------------+
; Resource                                    ; Usage        ;
+---------------------------------------------+--------------+
; Estimate of Logic utilization (ALMs needed) ; 140          ;
;                                             ;              ;
; Combinational ALUT usage for logic          ; 220          ;
;     -- 7 input functions                    ; 0            ;
;     -- 6 input functions                    ; 47           ;
;     -- 5 input functions                    ; 32           ;
;     -- 4 input functions                    ; 14           ;
;     -- <=3 input functions                  ; 127          ;
;                                             ;              ;
; Dedicated logic registers                   ; 106          ;
;                                             ;              ;
; I/O pins                                    ; 14           ;
; Total MLAB memory bits                      ; 0            ;
; Total block memory bits                     ; 288          ;
;                                             ;              ;
; Total DSP Blocks                            ; 0            ;
;                                             ;              ;
; Maximum fan-out node                        ; PClock~input ;
; Maximum fan-out                             ; 101          ;
; Total fan-out                               ; 1086         ;
; Average fan-out                             ; 2.99         ;
+---------------------------------------------+--------------+


+-----------------------------------------------------------------------------------------------------------------------------------------------------------------------------------------------------------------------------------------------------------------------------------------------+
; Analysis & Synthesis Resource Utilization by Entity                                                                                                                                                                                                                                           ;
+-------------------------------------------+---------------------+---------------------------+-------------------+------------+------+--------------+-------------------------------------------------------------------------------------------------+-------------------------+--------------+
; Compilation Hierarchy Node                ; Combinational ALUTs ; Dedicated Logic Registers ; Block Memory Bits ; DSP Blocks ; Pins ; Virtual Pins ; Full Hierarchy Name                                                                             ; Entity Name             ; Library Name ;
+-------------------------------------------+---------------------+---------------------------+-------------------+------------+------+--------------+-------------------------------------------------------------------------------------------------+-------------------------+--------------+
; |processor_with_ROM                       ; 220 (0)             ; 106 (0)                   ; 288               ; 0          ; 14   ; 0            ; |processor_with_ROM                                                                             ; processor_with_ROM      ; work         ;
;    |counter_N_bits:counter|               ; 5 (5)               ; 5 (5)                     ; 0                 ; 0          ; 0    ; 0            ; |processor_with_ROM|counter_N_bits:counter                                                      ; counter_N_bits          ; work         ;
;    |inst_mem:mem|                         ; 0 (0)               ; 0 (0)                     ; 288               ; 0          ; 0    ; 0            ; |processor_with_ROM|inst_mem:mem                                                                ; inst_mem                ; work         ;
;       |altsyncram:altsyncram_component|   ; 0 (0)               ; 0 (0)                     ; 288               ; 0          ; 0    ; 0            ; |processor_with_ROM|inst_mem:mem|altsyncram:altsyncram_component                                ; altsyncram              ; work         ;
;          |altsyncram_7ag1:auto_generated| ; 0 (0)               ; 0 (0)                     ; 288               ; 0          ; 0    ; 0            ; |processor_with_ROM|inst_mem:mem|altsyncram:altsyncram_component|altsyncram_7ag1:auto_generated ; altsyncram_7ag1         ; work         ;
;    |proc:cpu|                             ; 215 (98)            ; 101 (0)                   ; 0                 ; 0          ; 0    ; 0            ; |processor_with_ROM|proc:cpu                                                                    ; proc                    ; work         ;
;       |add_sub_unit:addsub|               ; 10 (10)             ; 0 (0)                     ; 0                 ; 0          ; 0    ; 0            ; |processor_with_ROM|proc:cpu|add_sub_unit:addsub                                                ; add_sub_unit            ; work         ;
;       |counter_9_bits_on_sload:pc|        ; 0 (0)               ; 9 (9)                     ; 0                 ; 0          ; 0    ; 0            ; |processor_with_ROM|proc:cpu|counter_9_bits_on_sload:pc                                         ; counter_9_bits_on_sload ; work         ;
;       |cu_FSM:cu|                         ; 37 (37)             ; 2 (2)                     ; 0                 ; 0          ; 0    ; 0            ; |processor_with_ROM|proc:cpu|cu_FSM:cu                                                          ; cu_FSM                  ; work         ;
;       |proc_multiplexers:multiplexers|    ; 70 (70)             ; 0 (0)                     ; 0                 ; 0          ; 0    ; 0            ; |processor_with_ROM|proc:cpu|proc_multiplexers:multiplexers                                     ; proc_multiplexers       ; work         ;
;       |regn:reg_0|                        ; 0 (0)               ; 9 (9)                     ; 0                 ; 0          ; 0    ; 0            ; |processor_with_ROM|proc:cpu|regn:reg_0                                                         ; regn                    ; work         ;
;       |regn:reg_1|                        ; 0 (0)               ; 9 (9)                     ; 0                 ; 0          ; 0    ; 0            ; |processor_with_ROM|proc:cpu|regn:reg_1                                                         ; regn                    ; work         ;
;       |regn:reg_2|                        ; 0 (0)               ; 9 (9)                     ; 0                 ; 0          ; 0    ; 0            ; |processor_with_ROM|proc:cpu|regn:reg_2                                                         ; regn                    ; work         ;
;       |regn:reg_3|                        ; 0 (0)               ; 9 (9)                     ; 0                 ; 0          ; 0    ; 0            ; |processor_with_ROM|proc:cpu|regn:reg_3                                                         ; regn                    ; work         ;
;       |regn:reg_4|                        ; 0 (0)               ; 9 (9)                     ; 0                 ; 0          ; 0    ; 0            ; |processor_with_ROM|proc:cpu|regn:reg_4                                                         ; regn                    ; work         ;
;       |regn:reg_5|                        ; 0 (0)               ; 9 (9)                     ; 0                 ; 0          ; 0    ; 0            ; |processor_with_ROM|proc:cpu|regn:reg_5                                                         ; regn                    ; work         ;
;       |regn:reg_6|                        ; 0 (0)               ; 9 (9)                     ; 0                 ; 0          ; 0    ; 0            ; |processor_with_ROM|proc:cpu|regn:reg_6                                                         ; regn                    ; work         ;
;       |regn:reg_A|                        ; 0 (0)               ; 9 (9)                     ; 0                 ; 0          ; 0    ; 0            ; |processor_with_ROM|proc:cpu|regn:reg_A                                                         ; regn                    ; work         ;
;       |regn:reg_G|                        ; 0 (0)               ; 9 (9)                     ; 0                 ; 0          ; 0    ; 0            ; |processor_with_ROM|proc:cpu|regn:reg_G                                                         ; regn                    ; work         ;
;       |regn:reg_IR|                       ; 0 (0)               ; 9 (9)                     ; 0                 ; 0          ; 0    ; 0            ; |processor_with_ROM|proc:cpu|regn:reg_IR                                                        ; regn                    ; work         ;
+-------------------------------------------+---------------------+---------------------------+-------------------+------------+------+--------------+-------------------------------------------------------------------------------------------------+-------------------------+--------------+
Note: For table entries with two numbers listed, the numbers in parentheses indicate the number of resources of the given type used by the specific entity alone. The numbers listed outside of parentheses indicate the total resources of the given type used by the specific entity and all of its sub-entities in the hierarchy.


+----------------------------------------------------------------------------------------------------------------------------------------------------------------------------------------+
; Analysis & Synthesis RAM Summary                                                                                                                                                       ;
+----------------------------------------------------------------------------------------+------+------+--------------+--------------+--------------+--------------+------+--------------+
; Name                                                                                   ; Type ; Mode ; Port A Depth ; Port A Width ; Port B Depth ; Port B Width ; Size ; MIF          ;
+----------------------------------------------------------------------------------------+------+------+--------------+--------------+--------------+--------------+------+--------------+
; inst_mem:mem|altsyncram:altsyncram_component|altsyncram_7ag1:auto_generated|ALTSYNCRAM ; AUTO ; ROM  ; 32           ; 9            ; --           ; --           ; 288  ; inst_mem.mif ;
+----------------------------------------------------------------------------------------+------+------+--------------+--------------+--------------+--------------+------+--------------+


+--------------------------------------------------------------------------------------------------------------------+
; Analysis & Synthesis IP Cores Summary                                                                              ;
+--------+--------------+---------+--------------+--------------+----------------------------------+-----------------+
; Vendor ; IP Core Name ; Version ; Release Date ; License Type ; Entity Instance                  ; IP Include File ;
+--------+--------------+---------+--------------+--------------+----------------------------------+-----------------+
; Altera ; ROM: 1-PORT  ; 18.1    ; N/A          ; N/A          ; |processor_with_ROM|inst_mem:mem ; inst_mem.v      ;
+--------+--------------+---------+--------------+--------------+----------------------------------+-----------------+


+----------------------------------------------------------------------------------------------------------------------------------------------------------+
; Registers Protected by Synthesis                                                                                                                         ;
+------------------------------------------+------------------------------------------------------------------+--------------------------------------------+
; Register Name                            ; Protected by Synthesis Attribute or Preserve Register Assignment ; Not to be Touched by Netlist Optimizations ;
+------------------------------------------+------------------------------------------------------------------+--------------------------------------------+
; proc:cpu|cu_FSM:cu|Tstep_Q[0]            ; yes                                                              ; yes                                        ;
; proc:cpu|cu_FSM:cu|Tstep_Q[1]            ; yes                                                              ; yes                                        ;
; Total number of protected registers is 2 ;                                                                  ;                                            ;
+------------------------------------------+------------------------------------------------------------------+--------------------------------------------+


+------------------------------------------------------+
; General Register Statistics                          ;
+----------------------------------------------+-------+
; Statistic                                    ; Value ;
+----------------------------------------------+-------+
; Total registers                              ; 106   ;
; Number of registers using Synchronous Clear  ; 0     ;
; Number of registers using Synchronous Load   ; 0     ;
; Number of registers using Asynchronous Clear ; 7     ;
; Number of registers using Asynchronous Load  ; 0     ;
; Number of registers using Clock Enable       ; 99    ;
; Number of registers using Preset             ; 0     ;
+----------------------------------------------+-------+


+-------------------------------------------------------------------------------------------------------------------------------------------------------------------------------------+
; Multiplexer Restructuring Statistics (Restructuring Performed)                                                                                                                      ;
+--------------------+-----------+---------------+----------------------+------------------------+------------+-----------------------------------------------------------------------+
; Multiplexer Inputs ; Bus Width ; Baseline Area ; Area if Restructured ; Saving if Restructured ; Registered ; Example Multiplexer Output                                            ;
+--------------------+-----------+---------------+----------------------+------------------------+------------+-----------------------------------------------------------------------+
; 6:1                ; 8 bits    ; 32 LEs        ; 16 LEs               ; 16 LEs                 ; No         ; |processor_with_ROM|proc:cpu|cu_FSM:cu|Mux12                          ;
; 12:1               ; 8 bits    ; 64 LEs        ; 32 LEs               ; 32 LEs                 ; No         ; |processor_with_ROM|proc:cpu|cu_FSM:cu|Mux19                          ;
; 11:1               ; 9 bits    ; 63 LEs        ; 63 LEs               ; 0 LEs                  ; No         ; |processor_with_ROM|proc:cpu|proc_multiplexers:multiplexers|Selector8 ;
+--------------------+-----------+---------------+----------------------+------------------------+------------+-----------------------------------------------------------------------+


+----------------------------------------------------------------------------------------------------+
; Source assignments for inst_mem:mem|altsyncram:altsyncram_component|altsyncram_7ag1:auto_generated ;
+---------------------------------+--------------------+------+--------------------------------------+
; Assignment                      ; Value              ; From ; To                                   ;
+---------------------------------+--------------------+------+--------------------------------------+
; OPTIMIZE_POWER_DURING_SYNTHESIS ; NORMAL_COMPILATION ; -    ; -                                    ;
+---------------------------------+--------------------+------+--------------------------------------+


+------------------------------------------------------+
; Source assignments for proc:cpu                      ;
+------------------------------+-------+------+--------+
; Assignment                   ; Value ; From ; To     ;
+------------------------------+-------+------+--------+
; IGNORE_LCELL_BUFFERS         ; off   ; -    ; R0[8]  ;
; REMOVE_REDUNDANT_LOGIC_CELLS ; off   ; -    ; R0[8]  ;
; IGNORE_LCELL_BUFFERS         ; off   ; -    ; R0[7]  ;
; REMOVE_REDUNDANT_LOGIC_CELLS ; off   ; -    ; R0[7]  ;
; IGNORE_LCELL_BUFFERS         ; off   ; -    ; R0[6]  ;
; REMOVE_REDUNDANT_LOGIC_CELLS ; off   ; -    ; R0[6]  ;
; IGNORE_LCELL_BUFFERS         ; off   ; -    ; R0[5]  ;
; REMOVE_REDUNDANT_LOGIC_CELLS ; off   ; -    ; R0[5]  ;
; IGNORE_LCELL_BUFFERS         ; off   ; -    ; R0[4]  ;
; REMOVE_REDUNDANT_LOGIC_CELLS ; off   ; -    ; R0[4]  ;
; IGNORE_LCELL_BUFFERS         ; off   ; -    ; R0[3]  ;
; REMOVE_REDUNDANT_LOGIC_CELLS ; off   ; -    ; R0[3]  ;
; IGNORE_LCELL_BUFFERS         ; off   ; -    ; R0[2]  ;
; REMOVE_REDUNDANT_LOGIC_CELLS ; off   ; -    ; R0[2]  ;
; IGNORE_LCELL_BUFFERS         ; off   ; -    ; R0[1]  ;
; REMOVE_REDUNDANT_LOGIC_CELLS ; off   ; -    ; R0[1]  ;
; IGNORE_LCELL_BUFFERS         ; off   ; -    ; R0[0]  ;
; REMOVE_REDUNDANT_LOGIC_CELLS ; off   ; -    ; R0[0]  ;
; IGNORE_LCELL_BUFFERS         ; off   ; -    ; R1[8]  ;
; REMOVE_REDUNDANT_LOGIC_CELLS ; off   ; -    ; R1[8]  ;
; IGNORE_LCELL_BUFFERS         ; off   ; -    ; R1[7]  ;
; REMOVE_REDUNDANT_LOGIC_CELLS ; off   ; -    ; R1[7]  ;
; IGNORE_LCELL_BUFFERS         ; off   ; -    ; R1[6]  ;
; REMOVE_REDUNDANT_LOGIC_CELLS ; off   ; -    ; R1[6]  ;
; IGNORE_LCELL_BUFFERS         ; off   ; -    ; R1[5]  ;
; REMOVE_REDUNDANT_LOGIC_CELLS ; off   ; -    ; R1[5]  ;
; IGNORE_LCELL_BUFFERS         ; off   ; -    ; R1[4]  ;
; REMOVE_REDUNDANT_LOGIC_CELLS ; off   ; -    ; R1[4]  ;
; IGNORE_LCELL_BUFFERS         ; off   ; -    ; R1[3]  ;
; REMOVE_REDUNDANT_LOGIC_CELLS ; off   ; -    ; R1[3]  ;
; IGNORE_LCELL_BUFFERS         ; off   ; -    ; R1[2]  ;
; REMOVE_REDUNDANT_LOGIC_CELLS ; off   ; -    ; R1[2]  ;
; IGNORE_LCELL_BUFFERS         ; off   ; -    ; R1[1]  ;
; REMOVE_REDUNDANT_LOGIC_CELLS ; off   ; -    ; R1[1]  ;
; IGNORE_LCELL_BUFFERS         ; off   ; -    ; R1[0]  ;
; REMOVE_REDUNDANT_LOGIC_CELLS ; off   ; -    ; R1[0]  ;
; IGNORE_LCELL_BUFFERS         ; off   ; -    ; R2[8]  ;
; REMOVE_REDUNDANT_LOGIC_CELLS ; off   ; -    ; R2[8]  ;
; IGNORE_LCELL_BUFFERS         ; off   ; -    ; R2[7]  ;
; REMOVE_REDUNDANT_LOGIC_CELLS ; off   ; -    ; R2[7]  ;
; IGNORE_LCELL_BUFFERS         ; off   ; -    ; R2[6]  ;
; REMOVE_REDUNDANT_LOGIC_CELLS ; off   ; -    ; R2[6]  ;
; IGNORE_LCELL_BUFFERS         ; off   ; -    ; R2[5]  ;
; REMOVE_REDUNDANT_LOGIC_CELLS ; off   ; -    ; R2[5]  ;
; IGNORE_LCELL_BUFFERS         ; off   ; -    ; R2[4]  ;
; REMOVE_REDUNDANT_LOGIC_CELLS ; off   ; -    ; R2[4]  ;
; IGNORE_LCELL_BUFFERS         ; off   ; -    ; R2[3]  ;
; REMOVE_REDUNDANT_LOGIC_CELLS ; off   ; -    ; R2[3]  ;
; IGNORE_LCELL_BUFFERS         ; off   ; -    ; R2[2]  ;
; REMOVE_REDUNDANT_LOGIC_CELLS ; off   ; -    ; R2[2]  ;
; IGNORE_LCELL_BUFFERS         ; off   ; -    ; R2[1]  ;
; REMOVE_REDUNDANT_LOGIC_CELLS ; off   ; -    ; R2[1]  ;
; IGNORE_LCELL_BUFFERS         ; off   ; -    ; R2[0]  ;
; REMOVE_REDUNDANT_LOGIC_CELLS ; off   ; -    ; R2[0]  ;
; IGNORE_LCELL_BUFFERS         ; off   ; -    ; R3[8]  ;
; REMOVE_REDUNDANT_LOGIC_CELLS ; off   ; -    ; R3[8]  ;
; IGNORE_LCELL_BUFFERS         ; off   ; -    ; R3[7]  ;
; REMOVE_REDUNDANT_LOGIC_CELLS ; off   ; -    ; R3[7]  ;
; IGNORE_LCELL_BUFFERS         ; off   ; -    ; R3[6]  ;
; REMOVE_REDUNDANT_LOGIC_CELLS ; off   ; -    ; R3[6]  ;
; IGNORE_LCELL_BUFFERS         ; off   ; -    ; R3[5]  ;
; REMOVE_REDUNDANT_LOGIC_CELLS ; off   ; -    ; R3[5]  ;
; IGNORE_LCELL_BUFFERS         ; off   ; -    ; R3[4]  ;
; REMOVE_REDUNDANT_LOGIC_CELLS ; off   ; -    ; R3[4]  ;
; IGNORE_LCELL_BUFFERS         ; off   ; -    ; R3[3]  ;
; REMOVE_REDUNDANT_LOGIC_CELLS ; off   ; -    ; R3[3]  ;
; IGNORE_LCELL_BUFFERS         ; off   ; -    ; R3[2]  ;
; REMOVE_REDUNDANT_LOGIC_CELLS ; off   ; -    ; R3[2]  ;
; IGNORE_LCELL_BUFFERS         ; off   ; -    ; R3[1]  ;
; REMOVE_REDUNDANT_LOGIC_CELLS ; off   ; -    ; R3[1]  ;
; IGNORE_LCELL_BUFFERS         ; off   ; -    ; R3[0]  ;
; REMOVE_REDUNDANT_LOGIC_CELLS ; off   ; -    ; R3[0]  ;
; IGNORE_LCELL_BUFFERS         ; off   ; -    ; R4[8]  ;
; REMOVE_REDUNDANT_LOGIC_CELLS ; off   ; -    ; R4[8]  ;
; IGNORE_LCELL_BUFFERS         ; off   ; -    ; R4[7]  ;
; REMOVE_REDUNDANT_LOGIC_CELLS ; off   ; -    ; R4[7]  ;
; IGNORE_LCELL_BUFFERS         ; off   ; -    ; R4[6]  ;
; REMOVE_REDUNDANT_LOGIC_CELLS ; off   ; -    ; R4[6]  ;
; IGNORE_LCELL_BUFFERS         ; off   ; -    ; R4[5]  ;
; REMOVE_REDUNDANT_LOGIC_CELLS ; off   ; -    ; R4[5]  ;
; IGNORE_LCELL_BUFFERS         ; off   ; -    ; R4[4]  ;
; REMOVE_REDUNDANT_LOGIC_CELLS ; off   ; -    ; R4[4]  ;
; IGNORE_LCELL_BUFFERS         ; off   ; -    ; R4[3]  ;
; REMOVE_REDUNDANT_LOGIC_CELLS ; off   ; -    ; R4[3]  ;
; IGNORE_LCELL_BUFFERS         ; off   ; -    ; R4[2]  ;
; REMOVE_REDUNDANT_LOGIC_CELLS ; off   ; -    ; R4[2]  ;
; IGNORE_LCELL_BUFFERS         ; off   ; -    ; R4[1]  ;
; REMOVE_REDUNDANT_LOGIC_CELLS ; off   ; -    ; R4[1]  ;
; IGNORE_LCELL_BUFFERS         ; off   ; -    ; R4[0]  ;
; REMOVE_REDUNDANT_LOGIC_CELLS ; off   ; -    ; R4[0]  ;
; IGNORE_LCELL_BUFFERS         ; off   ; -    ; R5[8]  ;
; REMOVE_REDUNDANT_LOGIC_CELLS ; off   ; -    ; R5[8]  ;
; IGNORE_LCELL_BUFFERS         ; off   ; -    ; R5[7]  ;
; REMOVE_REDUNDANT_LOGIC_CELLS ; off   ; -    ; R5[7]  ;
; IGNORE_LCELL_BUFFERS         ; off   ; -    ; R5[6]  ;
; REMOVE_REDUNDANT_LOGIC_CELLS ; off   ; -    ; R5[6]  ;
; IGNORE_LCELL_BUFFERS         ; off   ; -    ; R5[5]  ;
; REMOVE_REDUNDANT_LOGIC_CELLS ; off   ; -    ; R5[5]  ;
; IGNORE_LCELL_BUFFERS         ; off   ; -    ; R5[4]  ;
; REMOVE_REDUNDANT_LOGIC_CELLS ; off   ; -    ; R5[4]  ;
; IGNORE_LCELL_BUFFERS         ; off   ; -    ; R5[3]  ;
; REMOVE_REDUNDANT_LOGIC_CELLS ; off   ; -    ; R5[3]  ;
; IGNORE_LCELL_BUFFERS         ; off   ; -    ; R5[2]  ;
; REMOVE_REDUNDANT_LOGIC_CELLS ; off   ; -    ; R5[2]  ;
; IGNORE_LCELL_BUFFERS         ; off   ; -    ; R5[1]  ;
; REMOVE_REDUNDANT_LOGIC_CELLS ; off   ; -    ; R5[1]  ;
; IGNORE_LCELL_BUFFERS         ; off   ; -    ; R5[0]  ;
; REMOVE_REDUNDANT_LOGIC_CELLS ; off   ; -    ; R5[0]  ;
; IGNORE_LCELL_BUFFERS         ; off   ; -    ; R6[8]  ;
; REMOVE_REDUNDANT_LOGIC_CELLS ; off   ; -    ; R6[8]  ;
; IGNORE_LCELL_BUFFERS         ; off   ; -    ; R6[7]  ;
; REMOVE_REDUNDANT_LOGIC_CELLS ; off   ; -    ; R6[7]  ;
; IGNORE_LCELL_BUFFERS         ; off   ; -    ; R6[6]  ;
; REMOVE_REDUNDANT_LOGIC_CELLS ; off   ; -    ; R6[6]  ;
; IGNORE_LCELL_BUFFERS         ; off   ; -    ; R6[5]  ;
; REMOVE_REDUNDANT_LOGIC_CELLS ; off   ; -    ; R6[5]  ;
; IGNORE_LCELL_BUFFERS         ; off   ; -    ; R6[4]  ;
; REMOVE_REDUNDANT_LOGIC_CELLS ; off   ; -    ; R6[4]  ;
; IGNORE_LCELL_BUFFERS         ; off   ; -    ; R6[3]  ;
; REMOVE_REDUNDANT_LOGIC_CELLS ; off   ; -    ; R6[3]  ;
; IGNORE_LCELL_BUFFERS         ; off   ; -    ; R6[2]  ;
; REMOVE_REDUNDANT_LOGIC_CELLS ; off   ; -    ; R6[2]  ;
; IGNORE_LCELL_BUFFERS         ; off   ; -    ; R6[1]  ;
; REMOVE_REDUNDANT_LOGIC_CELLS ; off   ; -    ; R6[1]  ;
; IGNORE_LCELL_BUFFERS         ; off   ; -    ; R6[0]  ;
; REMOVE_REDUNDANT_LOGIC_CELLS ; off   ; -    ; R6[0]  ;
; IGNORE_LCELL_BUFFERS         ; off   ; -    ; R7[8]  ;
; REMOVE_REDUNDANT_LOGIC_CELLS ; off   ; -    ; R7[8]  ;
; IGNORE_LCELL_BUFFERS         ; off   ; -    ; R7[7]  ;
; REMOVE_REDUNDANT_LOGIC_CELLS ; off   ; -    ; R7[7]  ;
; IGNORE_LCELL_BUFFERS         ; off   ; -    ; R7[6]  ;
; REMOVE_REDUNDANT_LOGIC_CELLS ; off   ; -    ; R7[6]  ;
; IGNORE_LCELL_BUFFERS         ; off   ; -    ; R7[5]  ;
; REMOVE_REDUNDANT_LOGIC_CELLS ; off   ; -    ; R7[5]  ;
; IGNORE_LCELL_BUFFERS         ; off   ; -    ; R7[4]  ;
; REMOVE_REDUNDANT_LOGIC_CELLS ; off   ; -    ; R7[4]  ;
; IGNORE_LCELL_BUFFERS         ; off   ; -    ; R7[3]  ;
; REMOVE_REDUNDANT_LOGIC_CELLS ; off   ; -    ; R7[3]  ;
; IGNORE_LCELL_BUFFERS         ; off   ; -    ; R7[2]  ;
; REMOVE_REDUNDANT_LOGIC_CELLS ; off   ; -    ; R7[2]  ;
; IGNORE_LCELL_BUFFERS         ; off   ; -    ; R7[1]  ;
; REMOVE_REDUNDANT_LOGIC_CELLS ; off   ; -    ; R7[1]  ;
; IGNORE_LCELL_BUFFERS         ; off   ; -    ; R7[0]  ;
; REMOVE_REDUNDANT_LOGIC_CELLS ; off   ; -    ; R7[0]  ;
; IGNORE_LCELL_BUFFERS         ; off   ; -    ; G[8]   ;
; REMOVE_REDUNDANT_LOGIC_CELLS ; off   ; -    ; G[8]   ;
; IGNORE_LCELL_BUFFERS         ; off   ; -    ; G[7]   ;
; REMOVE_REDUNDANT_LOGIC_CELLS ; off   ; -    ; G[7]   ;
; IGNORE_LCELL_BUFFERS         ; off   ; -    ; G[6]   ;
; REMOVE_REDUNDANT_LOGIC_CELLS ; off   ; -    ; G[6]   ;
; IGNORE_LCELL_BUFFERS         ; off   ; -    ; G[5]   ;
; REMOVE_REDUNDANT_LOGIC_CELLS ; off   ; -    ; G[5]   ;
; IGNORE_LCELL_BUFFERS         ; off   ; -    ; G[4]   ;
; REMOVE_REDUNDANT_LOGIC_CELLS ; off   ; -    ; G[4]   ;
; IGNORE_LCELL_BUFFERS         ; off   ; -    ; G[3]   ;
; REMOVE_REDUNDANT_LOGIC_CELLS ; off   ; -    ; G[3]   ;
; IGNORE_LCELL_BUFFERS         ; off   ; -    ; G[2]   ;
; REMOVE_REDUNDANT_LOGIC_CELLS ; off   ; -    ; G[2]   ;
; IGNORE_LCELL_BUFFERS         ; off   ; -    ; G[1]   ;
; REMOVE_REDUNDANT_LOGIC_CELLS ; off   ; -    ; G[1]   ;
; IGNORE_LCELL_BUFFERS         ; off   ; -    ; G[0]   ;
; REMOVE_REDUNDANT_LOGIC_CELLS ; off   ; -    ; G[0]   ;
; IGNORE_LCELL_BUFFERS         ; off   ; -    ; A[8]   ;
; REMOVE_REDUNDANT_LOGIC_CELLS ; off   ; -    ; A[8]   ;
; IGNORE_LCELL_BUFFERS         ; off   ; -    ; A[7]   ;
; REMOVE_REDUNDANT_LOGIC_CELLS ; off   ; -    ; A[7]   ;
; IGNORE_LCELL_BUFFERS         ; off   ; -    ; A[6]   ;
; REMOVE_REDUNDANT_LOGIC_CELLS ; off   ; -    ; A[6]   ;
; IGNORE_LCELL_BUFFERS         ; off   ; -    ; A[5]   ;
; REMOVE_REDUNDANT_LOGIC_CELLS ; off   ; -    ; A[5]   ;
; IGNORE_LCELL_BUFFERS         ; off   ; -    ; A[4]   ;
; REMOVE_REDUNDANT_LOGIC_CELLS ; off   ; -    ; A[4]   ;
; IGNORE_LCELL_BUFFERS         ; off   ; -    ; A[3]   ;
; REMOVE_REDUNDANT_LOGIC_CELLS ; off   ; -    ; A[3]   ;
; IGNORE_LCELL_BUFFERS         ; off   ; -    ; A[2]   ;
; REMOVE_REDUNDANT_LOGIC_CELLS ; off   ; -    ; A[2]   ;
; IGNORE_LCELL_BUFFERS         ; off   ; -    ; A[1]   ;
; REMOVE_REDUNDANT_LOGIC_CELLS ; off   ; -    ; A[1]   ;
; IGNORE_LCELL_BUFFERS         ; off   ; -    ; A[0]   ;
; REMOVE_REDUNDANT_LOGIC_CELLS ; off   ; -    ; A[0]   ;
; IGNORE_LCELL_BUFFERS         ; off   ; -    ; Rin[7] ;
; REMOVE_REDUNDANT_LOGIC_CELLS ; off   ; -    ; Rin[7] ;
; IGNORE_LCELL_BUFFERS         ; off   ; -    ; Rin[6] ;
; REMOVE_REDUNDANT_LOGIC_CELLS ; off   ; -    ; Rin[6] ;
; IGNORE_LCELL_BUFFERS         ; off   ; -    ; Rin[5] ;
; REMOVE_REDUNDANT_LOGIC_CELLS ; off   ; -    ; Rin[5] ;
; IGNORE_LCELL_BUFFERS         ; off   ; -    ; Rin[4] ;
; REMOVE_REDUNDANT_LOGIC_CELLS ; off   ; -    ; Rin[4] ;
; IGNORE_LCELL_BUFFERS         ; off   ; -    ; Rin[3] ;
; REMOVE_REDUNDANT_LOGIC_CELLS ; off   ; -    ; Rin[3] ;
; IGNORE_LCELL_BUFFERS         ; off   ; -    ; Rin[2] ;
; REMOVE_REDUNDANT_LOGIC_CELLS ; off   ; -    ; Rin[2] ;
; IGNORE_LCELL_BUFFERS         ; off   ; -    ; Rin[1] ;
; REMOVE_REDUNDANT_LOGIC_CELLS ; off   ; -    ; Rin[1] ;
; IGNORE_LCELL_BUFFERS         ; off   ; -    ; Rin[0] ;
; REMOVE_REDUNDANT_LOGIC_CELLS ; off   ; -    ; Rin[0] ;
+------------------------------+-------+------+--------+


+----------------------------------------------------------+
; Source assignments for proc:cpu|cu_FSM:cu                ;
+------------------------------+-------+------+------------+
; Assignment                   ; Value ; From ; To         ;
+------------------------------+-------+------+------------+
; PRESERVE_REGISTER            ; on    ; -    ; Tstep_Q[1] ;
; PRESERVE_REGISTER            ; on    ; -    ; Tstep_Q[0] ;
; IGNORE_LCELL_BUFFERS         ; off   ; -    ; I[2]       ;
; REMOVE_REDUNDANT_LOGIC_CELLS ; off   ; -    ; I[2]       ;
; IGNORE_LCELL_BUFFERS         ; off   ; -    ; I[1]       ;
; REMOVE_REDUNDANT_LOGIC_CELLS ; off   ; -    ; I[1]       ;
; IGNORE_LCELL_BUFFERS         ; off   ; -    ; I[0]       ;
; REMOVE_REDUNDANT_LOGIC_CELLS ; off   ; -    ; I[0]       ;
; IGNORE_LCELL_BUFFERS         ; off   ; -    ; Tstep_D[1] ;
; REMOVE_REDUNDANT_LOGIC_CELLS ; off   ; -    ; Tstep_D[1] ;
; IGNORE_LCELL_BUFFERS         ; off   ; -    ; Tstep_D[0] ;
; REMOVE_REDUNDANT_LOGIC_CELLS ; off   ; -    ; Tstep_D[0] ;
; IGNORE_LCELL_BUFFERS         ; off   ; -    ; Xreg[7]    ;
; REMOVE_REDUNDANT_LOGIC_CELLS ; off   ; -    ; Xreg[7]    ;
; IGNORE_LCELL_BUFFERS         ; off   ; -    ; Xreg[6]    ;
; REMOVE_REDUNDANT_LOGIC_CELLS ; off   ; -    ; Xreg[6]    ;
; IGNORE_LCELL_BUFFERS         ; off   ; -    ; Xreg[5]    ;
; REMOVE_REDUNDANT_LOGIC_CELLS ; off   ; -    ; Xreg[5]    ;
; IGNORE_LCELL_BUFFERS         ; off   ; -    ; Xreg[4]    ;
; REMOVE_REDUNDANT_LOGIC_CELLS ; off   ; -    ; Xreg[4]    ;
; IGNORE_LCELL_BUFFERS         ; off   ; -    ; Xreg[3]    ;
; REMOVE_REDUNDANT_LOGIC_CELLS ; off   ; -    ; Xreg[3]    ;
; IGNORE_LCELL_BUFFERS         ; off   ; -    ; Xreg[2]    ;
; REMOVE_REDUNDANT_LOGIC_CELLS ; off   ; -    ; Xreg[2]    ;
; IGNORE_LCELL_BUFFERS         ; off   ; -    ; Xreg[1]    ;
; REMOVE_REDUNDANT_LOGIC_CELLS ; off   ; -    ; Xreg[1]    ;
; IGNORE_LCELL_BUFFERS         ; off   ; -    ; Xreg[0]    ;
; REMOVE_REDUNDANT_LOGIC_CELLS ; off   ; -    ; Xreg[0]    ;
; IGNORE_LCELL_BUFFERS         ; off   ; -    ; Yreg[7]    ;
; REMOVE_REDUNDANT_LOGIC_CELLS ; off   ; -    ; Yreg[7]    ;
; IGNORE_LCELL_BUFFERS         ; off   ; -    ; Yreg[6]    ;
; REMOVE_REDUNDANT_LOGIC_CELLS ; off   ; -    ; Yreg[6]    ;
; IGNORE_LCELL_BUFFERS         ; off   ; -    ; Yreg[5]    ;
; REMOVE_REDUNDANT_LOGIC_CELLS ; off   ; -    ; Yreg[5]    ;
; IGNORE_LCELL_BUFFERS         ; off   ; -    ; Yreg[4]    ;
; REMOVE_REDUNDANT_LOGIC_CELLS ; off   ; -    ; Yreg[4]    ;
; IGNORE_LCELL_BUFFERS         ; off   ; -    ; Yreg[3]    ;
; REMOVE_REDUNDANT_LOGIC_CELLS ; off   ; -    ; Yreg[3]    ;
; IGNORE_LCELL_BUFFERS         ; off   ; -    ; Yreg[2]    ;
; REMOVE_REDUNDANT_LOGIC_CELLS ; off   ; -    ; Yreg[2]    ;
; IGNORE_LCELL_BUFFERS         ; off   ; -    ; Yreg[1]    ;
; REMOVE_REDUNDANT_LOGIC_CELLS ; off   ; -    ; Yreg[1]    ;
; IGNORE_LCELL_BUFFERS         ; off   ; -    ; Yreg[0]    ;
; REMOVE_REDUNDANT_LOGIC_CELLS ; off   ; -    ; Yreg[0]    ;
+------------------------------+-------+------+------------+


+---------------------------------------------------------------------+
; Parameter Settings for User Entity Instance: counter_N_bits:counter ;
+----------------+-------+--------------------------------------------+
; Parameter Name ; Value ; Type                                       ;
+----------------+-------+--------------------------------------------+
; N              ; 5     ; Signed Integer                             ;
+----------------+-------+--------------------------------------------+
Note: In order to hide this table in the UI and the text report file, please set the "Show Parameter Settings in Synthesis Report" option in "Analysis and Synthesis Settings -> More Settings" to "Off".


+-------------------------------------------------------------------------------------------+
; Parameter Settings for User Entity Instance: inst_mem:mem|altsyncram:altsyncram_component ;
+------------------------------------+----------------------+-------------------------------+
; Parameter Name                     ; Value                ; Type                          ;
+------------------------------------+----------------------+-------------------------------+
; BYTE_SIZE_BLOCK                    ; 8                    ; Untyped                       ;
; AUTO_CARRY_CHAINS                  ; ON                   ; AUTO_CARRY                    ;
; IGNORE_CARRY_BUFFERS               ; OFF                  ; IGNORE_CARRY                  ;
; AUTO_CASCADE_CHAINS                ; ON                   ; AUTO_CASCADE                  ;
; IGNORE_CASCADE_BUFFERS             ; OFF                  ; IGNORE_CASCADE                ;
; WIDTH_BYTEENA                      ; 1                    ; Untyped                       ;
; OPERATION_MODE                     ; ROM                  ; Untyped                       ;
; WIDTH_A                            ; 9                    ; Signed Integer                ;
; WIDTHAD_A                          ; 5                    ; Signed Integer                ;
; NUMWORDS_A                         ; 32                   ; Signed Integer                ;
; OUTDATA_REG_A                      ; UNREGISTERED         ; Untyped                       ;
; ADDRESS_ACLR_A                     ; NONE                 ; Untyped                       ;
; OUTDATA_ACLR_A                     ; NONE                 ; Untyped                       ;
; WRCONTROL_ACLR_A                   ; NONE                 ; Untyped                       ;
; INDATA_ACLR_A                      ; NONE                 ; Untyped                       ;
; BYTEENA_ACLR_A                     ; NONE                 ; Untyped                       ;
; WIDTH_B                            ; 1                    ; Untyped                       ;
; WIDTHAD_B                          ; 1                    ; Untyped                       ;
; NUMWORDS_B                         ; 1                    ; Untyped                       ;
; INDATA_REG_B                       ; CLOCK1               ; Untyped                       ;
; WRCONTROL_WRADDRESS_REG_B          ; CLOCK1               ; Untyped                       ;
; RDCONTROL_REG_B                    ; CLOCK1               ; Untyped                       ;
; ADDRESS_REG_B                      ; CLOCK1               ; Untyped                       ;
; OUTDATA_REG_B                      ; UNREGISTERED         ; Untyped                       ;
; BYTEENA_REG_B                      ; CLOCK1               ; Untyped                       ;
; INDATA_ACLR_B                      ; NONE                 ; Untyped                       ;
; WRCONTROL_ACLR_B                   ; NONE                 ; Untyped                       ;
; ADDRESS_ACLR_B                     ; NONE                 ; Untyped                       ;
; OUTDATA_ACLR_B                     ; NONE                 ; Untyped                       ;
; RDCONTROL_ACLR_B                   ; NONE                 ; Untyped                       ;
; BYTEENA_ACLR_B                     ; NONE                 ; Untyped                       ;
; WIDTH_BYTEENA_A                    ; 1                    ; Signed Integer                ;
; WIDTH_BYTEENA_B                    ; 1                    ; Untyped                       ;
; RAM_BLOCK_TYPE                     ; AUTO                 ; Untyped                       ;
; BYTE_SIZE                          ; 8                    ; Untyped                       ;
; READ_DURING_WRITE_MODE_MIXED_PORTS ; DONT_CARE            ; Untyped                       ;
; READ_DURING_WRITE_MODE_PORT_A      ; NEW_DATA_NO_NBE_READ ; Untyped                       ;
; READ_DURING_WRITE_MODE_PORT_B      ; NEW_DATA_NO_NBE_READ ; Untyped                       ;
; INIT_FILE                          ; inst_mem.mif         ; Untyped                       ;
; INIT_FILE_LAYOUT                   ; PORT_A               ; Untyped                       ;
; MAXIMUM_DEPTH                      ; 0                    ; Untyped                       ;
; CLOCK_ENABLE_INPUT_A               ; BYPASS               ; Untyped                       ;
; CLOCK_ENABLE_INPUT_B               ; NORMAL               ; Untyped                       ;
; CLOCK_ENABLE_OUTPUT_A              ; BYPASS               ; Untyped                       ;
; CLOCK_ENABLE_OUTPUT_B              ; NORMAL               ; Untyped                       ;
; CLOCK_ENABLE_CORE_A                ; USE_INPUT_CLKEN      ; Untyped                       ;
; CLOCK_ENABLE_CORE_B                ; USE_INPUT_CLKEN      ; Untyped                       ;
; ENABLE_ECC                         ; FALSE                ; Untyped                       ;
; ECC_PIPELINE_STAGE_ENABLED         ; FALSE                ; Untyped                       ;
; WIDTH_ECCSTATUS                    ; 3                    ; Untyped                       ;
; DEVICE_FAMILY                      ; Cyclone V            ; Untyped                       ;
; CBXI_PARAMETER                     ; altsyncram_7ag1      ; Untyped                       ;
+------------------------------------+----------------------+-------------------------------+
Note: In order to hide this table in the UI and the text report file, please set the "Show Parameter Settings in Synthesis Report" option in "Analysis and Synthesis Settings -> More Settings" to "Off".


+---------------------------------------------------------------------------+
; Parameter Settings for User Entity Instance: proc:cpu|add_sub_unit:addsub ;
+----------------+-------+--------------------------------------------------+
; Parameter Name ; Value ; Type                                             ;
+----------------+-------+--------------------------------------------------+
; N              ; 9     ; Signed Integer                                   ;
+----------------+-------+--------------------------------------------------+
Note: In order to hide this table in the UI and the text report file, please set the "Show Parameter Settings in Synthesis Report" option in "Analysis and Synthesis Settings -> More Settings" to "Off".


+------------------------------------------------------------------+
; Parameter Settings for User Entity Instance: proc:cpu|regn:reg_0 ;
+----------------+-------+-----------------------------------------+
; Parameter Name ; Value ; Type                                    ;
+----------------+-------+-----------------------------------------+
; n              ; 9     ; Signed Integer                          ;
+----------------+-------+-----------------------------------------+
Note: In order to hide this table in the UI and the text report file, please set the "Show Parameter Settings in Synthesis Report" option in "Analysis and Synthesis Settings -> More Settings" to "Off".


+------------------------------------------------------------------+
; Parameter Settings for User Entity Instance: proc:cpu|regn:reg_1 ;
+----------------+-------+-----------------------------------------+
; Parameter Name ; Value ; Type                                    ;
+----------------+-------+-----------------------------------------+
; n              ; 9     ; Signed Integer                          ;
+----------------+-------+-----------------------------------------+
Note: In order to hide this table in the UI and the text report file, please set the "Show Parameter Settings in Synthesis Report" option in "Analysis and Synthesis Settings -> More Settings" to "Off".


+------------------------------------------------------------------+
; Parameter Settings for User Entity Instance: proc:cpu|regn:reg_2 ;
+----------------+-------+-----------------------------------------+
; Parameter Name ; Value ; Type                                    ;
+----------------+-------+-----------------------------------------+
; n              ; 9     ; Signed Integer                          ;
+----------------+-------+-----------------------------------------+
Note: In order to hide this table in the UI and the text report file, please set the "Show Parameter Settings in Synthesis Report" option in "Analysis and Synthesis Settings -> More Settings" to "Off".


+------------------------------------------------------------------+
; Parameter Settings for User Entity Instance: proc:cpu|regn:reg_3 ;
+----------------+-------+-----------------------------------------+
; Parameter Name ; Value ; Type                                    ;
+----------------+-------+-----------------------------------------+
; n              ; 9     ; Signed Integer                          ;
+----------------+-------+-----------------------------------------+
Note: In order to hide this table in the UI and the text report file, please set the "Show Parameter Settings in Synthesis Report" option in "Analysis and Synthesis Settings -> More Settings" to "Off".


+------------------------------------------------------------------+
; Parameter Settings for User Entity Instance: proc:cpu|regn:reg_4 ;
+----------------+-------+-----------------------------------------+
; Parameter Name ; Value ; Type                                    ;
+----------------+-------+-----------------------------------------+
; n              ; 9     ; Signed Integer                          ;
+----------------+-------+-----------------------------------------+
Note: In order to hide this table in the UI and the text report file, please set the "Show Parameter Settings in Synthesis Report" option in "Analysis and Synthesis Settings -> More Settings" to "Off".


+------------------------------------------------------------------+
; Parameter Settings for User Entity Instance: proc:cpu|regn:reg_5 ;
+----------------+-------+-----------------------------------------+
; Parameter Name ; Value ; Type                                    ;
+----------------+-------+-----------------------------------------+
; n              ; 9     ; Signed Integer                          ;
+----------------+-------+-----------------------------------------+
Note: In order to hide this table in the UI and the text report file, please set the "Show Parameter Settings in Synthesis Report" option in "Analysis and Synthesis Settings -> More Settings" to "Off".


+------------------------------------------------------------------+
; Parameter Settings for User Entity Instance: proc:cpu|regn:reg_6 ;
+----------------+-------+-----------------------------------------+
; Parameter Name ; Value ; Type                                    ;
+----------------+-------+-----------------------------------------+
; n              ; 9     ; Signed Integer                          ;
+----------------+-------+-----------------------------------------+
Note: In order to hide this table in the UI and the text report file, please set the "Show Parameter Settings in Synthesis Report" option in "Analysis and Synthesis Settings -> More Settings" to "Off".


+------------------------------------------------------------------+
; Parameter Settings for User Entity Instance: proc:cpu|regn:reg_G ;
+----------------+-------+-----------------------------------------+
; Parameter Name ; Value ; Type                                    ;
+----------------+-------+-----------------------------------------+
; n              ; 9     ; Signed Integer                          ;
+----------------+-------+-----------------------------------------+
Note: In order to hide this table in the UI and the text report file, please set the "Show Parameter Settings in Synthesis Report" option in "Analysis and Synthesis Settings -> More Settings" to "Off".


+-------------------------------------------------------------------+
; Parameter Settings for User Entity Instance: proc:cpu|regn:reg_IR ;
+----------------+-------+------------------------------------------+
; Parameter Name ; Value ; Type                                     ;
+----------------+-------+------------------------------------------+
; n              ; 9     ; Signed Integer                           ;
+----------------+-------+------------------------------------------+
Note: In order to hide this table in the UI and the text report file, please set the "Show Parameter Settings in Synthesis Report" option in "Analysis and Synthesis Settings -> More Settings" to "Off".


+------------------------------------------------------------------+
; Parameter Settings for User Entity Instance: proc:cpu|regn:reg_A ;
+----------------+-------+-----------------------------------------+
; Parameter Name ; Value ; Type                                    ;
+----------------+-------+-----------------------------------------+
; n              ; 9     ; Signed Integer                          ;
+----------------+-------+-----------------------------------------+
Note: In order to hide this table in the UI and the text report file, please set the "Show Parameter Settings in Synthesis Report" option in "Analysis and Synthesis Settings -> More Settings" to "Off".


+---------------------------------------------------------------------+
; Parameter Settings for User Entity Instance: proc:cpu|regn:reg_ADDR ;
+----------------+-------+--------------------------------------------+
; Parameter Name ; Value ; Type                                       ;
+----------------+-------+--------------------------------------------+
; n              ; 9     ; Signed Integer                             ;
+----------------+-------+--------------------------------------------+
Note: In order to hide this table in the UI and the text report file, please set the "Show Parameter Settings in Synthesis Report" option in "Analysis and Synthesis Settings -> More Settings" to "Off".


+---------------------------------------------------------------------+
; Parameter Settings for User Entity Instance: proc:cpu|regn:reg_DOUT ;
+----------------+-------+--------------------------------------------+
; Parameter Name ; Value ; Type                                       ;
+----------------+-------+--------------------------------------------+
; n              ; 9     ; Signed Integer                             ;
+----------------+-------+--------------------------------------------+
Note: In order to hide this table in the UI and the text report file, please set the "Show Parameter Settings in Synthesis Report" option in "Analysis and Synthesis Settings -> More Settings" to "Off".


+------------------------------------------------------------------+
; Parameter Settings for User Entity Instance: proc:cpu|regn:reg_W ;
+----------------+-------+-----------------------------------------+
; Parameter Name ; Value ; Type                                    ;
+----------------+-------+-----------------------------------------+
; n              ; 9     ; Signed Integer                          ;
+----------------+-------+-----------------------------------------+
Note: In order to hide this table in the UI and the text report file, please set the "Show Parameter Settings in Synthesis Report" option in "Analysis and Synthesis Settings -> More Settings" to "Off".


+-----------------------------------------------------------------+
; Parameter Settings for User Entity Instance: proc:cpu|cu_FSM:cu ;
+----------------+-------+----------------------------------------+
; Parameter Name ; Value ; Type                                   ;
+----------------+-------+----------------------------------------+
; T0             ; 00    ; Unsigned Binary                        ;
; T1             ; 01    ; Unsigned Binary                        ;
; T2             ; 10    ; Unsigned Binary                        ;
; T3             ; 11    ; Unsigned Binary                        ;
+----------------+-------+----------------------------------------+
Note: In order to hide this table in the UI and the text report file, please set the "Show Parameter Settings in Synthesis Report" option in "Analysis and Synthesis Settings -> More Settings" to "Off".


+------------------------------------------------------------------------------------------+
; altsyncram Parameter Settings by Entity Instance                                         ;
+-------------------------------------------+----------------------------------------------+
; Name                                      ; Value                                        ;
+-------------------------------------------+----------------------------------------------+
; Number of entity instances                ; 1                                            ;
; Entity Instance                           ; inst_mem:mem|altsyncram:altsyncram_component ;
;     -- OPERATION_MODE                     ; ROM                                          ;
;     -- WIDTH_A                            ; 9                                            ;
;     -- NUMWORDS_A                         ; 32                                           ;
;     -- OUTDATA_REG_A                      ; UNREGISTERED                                 ;
;     -- WIDTH_B                            ; 1                                            ;
;     -- NUMWORDS_B                         ; 1                                            ;
;     -- ADDRESS_REG_B                      ; CLOCK1                                       ;
;     -- OUTDATA_REG_B                      ; UNREGISTERED                                 ;
;     -- RAM_BLOCK_TYPE                     ; AUTO                                         ;
;     -- READ_DURING_WRITE_MODE_MIXED_PORTS ; DONT_CARE                                    ;
+-------------------------------------------+----------------------------------------------+


+-------------------------------------------------------------+
; Port Connectivity Checks: "proc:cpu|cu_FSM:cu|dec3to8:decY" ;
+------+-------+----------+-----------------------------------+
; Port ; Type  ; Severity ; Details                           ;
+------+-------+----------+-----------------------------------+
; En   ; Input ; Info     ; Stuck at VCC                      ;
+------+-------+----------+-----------------------------------+


+-------------------------------------------------------------+
; Port Connectivity Checks: "proc:cpu|cu_FSM:cu|dec3to8:decX" ;
+------+-------+----------+-----------------------------------+
; Port ; Type  ; Severity ; Details                           ;
+------+-------+----------+-----------------------------------+
; En   ; Input ; Info     ; Stuck at VCC                      ;
+------+-------+----------+-----------------------------------+


+------------------------------------------------------------------------------------------------------------------------------------------------------------------------------------------------------------------+
; Port Connectivity Checks: "proc:cpu|regn:reg_W"                                                                                                                                                                  ;
+---------+--------+----------+------------------------------------------------------------------------------------------------------------------------------------------------------------------------------------+
; Port    ; Type   ; Severity ; Details                                                                                                                                                                            ;
+---------+--------+----------+------------------------------------------------------------------------------------------------------------------------------------------------------------------------------------+
; R       ; Input  ; Warning  ; Input port expression (1 bits) is smaller than the input port (9 bits) it drives.  Extra input bit(s) "R[8..1]" will be connected to GND.                                          ;
; Rin     ; Input  ; Warning  ; Input port expression (32 bits) is wider than the input port (1 bits) it drives.  The 31 most-significant bit(s) in the expression will be dangling if they have no other fanouts. ;
; Rin[-1] ; Input  ; Info     ; Stuck at VCC                                                                                                                                                                       ;
; Q       ; Output ; Warning  ; Output or bidir port (9 bits) is wider than the port expression (1 bits) it drives; bit(s) "Q[8..1]" have no fanouts                                                               ;
+---------+--------+----------+------------------------------------------------------------------------------------------------------------------------------------------------------------------------------------+


+----------------------------------------------------------+
; Port Connectivity Checks: "proc:cpu|add_sub_unit:addsub" ;
+----------+--------+----------+---------------------------+
; Port     ; Type   ; Severity ; Details                   ;
+----------+--------+----------+---------------------------+
; overflow ; Output ; Info     ; Explicitly unconnected    ;
; carry    ; Output ; Info     ; Explicitly unconnected    ;
+----------+--------+----------+---------------------------+


+-------------------------------------------------------------------------------------------------------------------------------------+
; Port Connectivity Checks: "proc:cpu"                                                                                                ;
+------+--------+----------+----------------------------------------------------------------------------------------------------------+
; Port ; Type   ; Severity ; Details                                                                                                  ;
+------+--------+----------+----------------------------------------------------------------------------------------------------------+
; W    ; Output ; Warning  ; Declared by entity but not connected by instance. Logic that only feeds a dangling port will be removed. ;
; ADDR ; Output ; Warning  ; Declared by entity but not connected by instance. Logic that only feeds a dangling port will be removed. ;
; DOUT ; Output ; Warning  ; Declared by entity but not connected by instance. Logic that only feeds a dangling port will be removed. ;
+------+--------+----------+----------------------------------------------------------------------------------------------------------+


+----------------------------------------------------+
; Port Connectivity Checks: "counter_N_bits:counter" ;
+--------+-------+----------+------------------------+
; Port   ; Type  ; Severity ; Details                ;
+--------+-------+----------+------------------------+
; enable ; Input ; Info     ; Stuck at VCC           ;
+--------+-------+----------+------------------------+


+-----------------------------------------------------+
; Post-Synthesis Netlist Statistics for Top Partition ;
+-----------------------+-----------------------------+
; Type                  ; Count                       ;
+-----------------------+-----------------------------+
; arriav_ff             ; 106                         ;
;     CLR               ; 7                           ;
;     ENA               ; 99                          ;
; arriav_lcell_comb     ; 220                         ;
;     arith             ; 10                          ;
;         3 data inputs ; 1                           ;
;         5 data inputs ; 9                           ;
;     normal            ; 210                         ;
;         1 data inputs ; 94                          ;
;         2 data inputs ; 10                          ;
;         3 data inputs ; 22                          ;
;         4 data inputs ; 14                          ;
;         5 data inputs ; 23                          ;
;         6 data inputs ; 47                          ;
; boundary_port         ; 14                          ;
; stratixv_ram_block    ; 9                           ;
;                       ;                             ;
; Max LUT depth         ; 7.80                        ;
; Average LUT depth     ; 5.15                        ;
+-----------------------+-----------------------------+


+-------------------------------+
; Elapsed Time Per Partition    ;
+----------------+--------------+
; Partition Name ; Elapsed Time ;
+----------------+--------------+
; Top            ; 00:00:01     ;
+----------------+--------------+


+-------------------------------+
; Analysis & Synthesis Messages ;
+-------------------------------+
Info: *******************************************************************
Info: Running Quartus Prime Analysis & Synthesis
    Info: Version 18.1.0 Build 625 09/12/2018 SJ Lite Edition
    Info: Processing started: Wed May 22 23:47:37 2019
Info: Command: quartus_map --read_settings_files=on --write_settings_files=off processor_with_ROM -c processor_with_ROM
Warning (18236): Number of processors has not been specified which may cause overloading on shared machines.  Set the global assignment NUM_PARALLEL_PROCESSORS in your QSF to an appropriate value for best performance.
Info (20030): Parallel compilation is enabled and will use 4 of the 4 processors detected
Info (12021): Found 1 design units, including 1 entities, in source file regn.v
    Info (12023): Found entity 1: regn File: C:/Users/admin/Desktop/sw/sw_proc/regn.v Line: 1
Info (12021): Found 1 design units, including 1 entities, in source file proc_multiplexers.v
    Info (12023): Found entity 1: proc_multiplexers File: C:/Users/admin/Desktop/sw/sw_proc/proc_multiplexers.v Line: 1
Info (12021): Found 1 design units, including 1 entities, in source file proc.v
    Info (12023): Found entity 1: proc File: C:/Users/admin/Desktop/sw/sw_proc/proc.v Line: 1
Info (12021): Found 1 design units, including 1 entities, in source file dec3to8.v
    Info (12023): Found entity 1: dec3to8 File: C:/Users/admin/Desktop/sw/sw_proc/dec3to8.v Line: 1
Info (12021): Found 1 design units, including 1 entities, in source file cu_fsm.v
    Info (12023): Found entity 1: cu_FSM File: C:/Users/admin/Desktop/sw/sw_proc/cu_FSM.v Line: 1
Info (12021): Found 1 design units, including 1 entities, in source file add_sub_unit.v
    Info (12023): Found entity 1: add_sub_unit File: C:/Users/admin/Desktop/sw/sw_proc/add_sub_unit.v Line: 1
Info (12021): Found 1 design units, including 1 entities, in source file processor_with_rom.v
    Info (12023): Found entity 1: processor_with_ROM File: C:/Users/admin/Desktop/sw/sw_proc/processor_with_ROM.v Line: 1
Info (12021): Found 1 design units, including 1 entities, in source file counter_n_bits.v
    Info (12023): Found entity 1: counter_N_bits File: C:/Users/admin/Desktop/sw/sw_proc/counter_N_bits.v Line: 1
Info (12021): Found 1 design units, including 1 entities, in source file inst_mem.v
    Info (12023): Found entity 1: inst_mem File: C:/Users/admin/Desktop/sw/sw_proc/inst_mem.v Line: 39
Info (12021): Found 1 design units, including 1 entities, in source file counter_9_bits_on_sload.v
    Info (12023): Found entity 1: counter_9_bits_on_sload File: C:/Users/admin/Desktop/sw/sw_proc/counter_9_bits_on_sload.v Line: 1
Info (12127): Elaborating entity "processor_with_ROM" for the top level hierarchy
Info (12128): Elaborating entity "counter_N_bits" for hierarchy "counter_N_bits:counter" File: C:/Users/admin/Desktop/sw/sw_proc/processor_with_ROM.v Line: 15
Warning (10230): Verilog HDL assignment warning at counter_N_bits.v(9): truncated value with size 32 to match size of target (5) File: C:/Users/admin/Desktop/sw/sw_proc/counter_N_bits.v Line: 9
Info (12128): Elaborating entity "inst_mem" for hierarchy "inst_mem:mem" File: C:/Users/admin/Desktop/sw/sw_proc/processor_with_ROM.v Line: 20
Info (12128): Elaborating entity "altsyncram" for hierarchy "inst_mem:mem|altsyncram:altsyncram_component" File: C:/Users/admin/Desktop/sw/sw_proc/inst_mem.v Line: 81
Info (12130): Elaborated megafunction instantiation "inst_mem:mem|altsyncram:altsyncram_component" File: C:/Users/admin/Desktop/sw/sw_proc/inst_mem.v Line: 81
Info (12133): Instantiated megafunction "inst_mem:mem|altsyncram:altsyncram_component" with the following parameter: File: C:/Users/admin/Desktop/sw/sw_proc/inst_mem.v Line: 81
    Info (12134): Parameter "address_aclr_a" = "NONE"
    Info (12134): Parameter "clock_enable_input_a" = "BYPASS"
    Info (12134): Parameter "clock_enable_output_a" = "BYPASS"
    Info (12134): Parameter "init_file" = "inst_mem.mif"
    Info (12134): Parameter "intended_device_family" = "Cyclone V"
    Info (12134): Parameter "lpm_hint" = "ENABLE_RUNTIME_MOD=NO"
    Info (12134): Parameter "lpm_type" = "altsyncram"
    Info (12134): Parameter "numwords_a" = "32"
    Info (12134): Parameter "operation_mode" = "ROM"
    Info (12134): Parameter "outdata_aclr_a" = "NONE"
    Info (12134): Parameter "outdata_reg_a" = "UNREGISTERED"
    Info (12134): Parameter "widthad_a" = "5"
    Info (12134): Parameter "width_a" = "9"
    Info (12134): Parameter "width_byteena_a" = "1"
Info (12021): Found 1 design units, including 1 entities, in source file db/altsyncram_7ag1.tdf
    Info (12023): Found entity 1: altsyncram_7ag1 File: C:/Users/admin/Desktop/sw/sw_proc/db/altsyncram_7ag1.tdf Line: 27
Info (12128): Elaborating entity "altsyncram_7ag1" for hierarchy "inst_mem:mem|altsyncram:altsyncram_component|altsyncram_7ag1:auto_generated" File: d:/quartus4/quartus/libraries/megafunctions/altsyncram.tdf Line: 791
Info (12128): Elaborating entity "proc" for hierarchy "proc:cpu" File: C:/Users/admin/Desktop/sw/sw_proc/processor_with_ROM.v Line: 28
Info (12128): Elaborating entity "add_sub_unit" for hierarchy "proc:cpu|add_sub_unit:addsub" File: C:/Users/admin/Desktop/sw/sw_proc/proc.v Line: 39
Warning (10240): Verilog HDL Always Construct warning at add_sub_unit.v(11): inferring latch(es) for variable "overflow", which holds its previous value in one or more paths through the always construct File: C:/Users/admin/Desktop/sw/sw_proc/add_sub_unit.v Line: 11
Warning (10240): Verilog HDL Always Construct warning at add_sub_unit.v(11): inferring latch(es) for variable "carry", which holds its previous value in one or more paths through the always construct File: C:/Users/admin/Desktop/sw/sw_proc/add_sub_unit.v Line: 11
Info (10041): Inferred latch for "carry" at add_sub_unit.v(11) File: C:/Users/admin/Desktop/sw/sw_proc/add_sub_unit.v Line: 11
Info (10041): Inferred latch for "overflow" at add_sub_unit.v(11) File: C:/Users/admin/Desktop/sw/sw_proc/add_sub_unit.v Line: 11
Info (12128): Elaborating entity "regn" for hierarchy "proc:cpu|regn:reg_0" File: C:/Users/admin/Desktop/sw/sw_proc/proc.v Line: 41
Info (12128): Elaborating entity "counter_9_bits_on_sload" for hierarchy "proc:cpu|counter_9_bits_on_sload:pc" File: C:/Users/admin/Desktop/sw/sw_proc/proc.v Line: 55
Warning (10230): Verilog HDL assignment warning at counter_9_bits_on_sload.v(13): truncated value with size 32 to match size of target (9) File: C:/Users/admin/Desktop/sw/sw_proc/counter_9_bits_on_sload.v Line: 13
Info (12128): Elaborating entity "cu_FSM" for hierarchy "proc:cpu|cu_FSM:cu" File: C:/Users/admin/Desktop/sw/sw_proc/proc.v Line: 74
Warning (10034): Output port "incr_pc" at cu_FSM.v(16) has no driver File: C:/Users/admin/Desktop/sw/sw_proc/cu_FSM.v Line: 16
Info (12128): Elaborating entity "dec3to8" for hierarchy "proc:cpu|cu_FSM:cu|dec3to8:decX" File: C:/Users/admin/Desktop/sw/sw_proc/cu_FSM.v Line: 26
Info (12128): Elaborating entity "proc_multiplexers" for hierarchy "proc:cpu|proc_multiplexers:multiplexers" File: C:/Users/admin/Desktop/sw/sw_proc/proc.v Line: 89
Warning (10235): Verilog HDL Always Construct warning at proc_multiplexers.v(17): variable "G" is read inside the Always Construct but isn't in the Always Construct's Event Control File: C:/Users/admin/Desktop/sw/sw_proc/proc_multiplexers.v Line: 17
Warning (10235): Verilog HDL Always Construct warning at proc_multiplexers.v(18): variable "DIN" is read inside the Always Construct but isn't in the Always Construct's Event Control File: C:/Users/admin/Desktop/sw/sw_proc/proc_multiplexers.v Line: 18
Warning (10235): Verilog HDL Always Construct warning at proc_multiplexers.v(19): variable "R7" is read inside the Always Construct but isn't in the Always Construct's Event Control File: C:/Users/admin/Desktop/sw/sw_proc/proc_multiplexers.v Line: 19
Warning (10235): Verilog HDL Always Construct warning at proc_multiplexers.v(20): variable "R6" is read inside the Always Construct but isn't in the Always Construct's Event Control File: C:/Users/admin/Desktop/sw/sw_proc/proc_multiplexers.v Line: 20
Warning (10235): Verilog HDL Always Construct warning at proc_multiplexers.v(21): variable "R5" is read inside the Always Construct but isn't in the Always Construct's Event Control File: C:/Users/admin/Desktop/sw/sw_proc/proc_multiplexers.v Line: 21
Warning (10235): Verilog HDL Always Construct warning at proc_multiplexers.v(22): variable "R4" is read inside the Always Construct but isn't in the Always Construct's Event Control File: C:/Users/admin/Desktop/sw/sw_proc/proc_multiplexers.v Line: 22
Warning (10235): Verilog HDL Always Construct warning at proc_multiplexers.v(23): variable "R3" is read inside the Always Construct but isn't in the Always Construct's Event Control File: C:/Users/admin/Desktop/sw/sw_proc/proc_multiplexers.v Line: 23
Warning (10235): Verilog HDL Always Construct warning at proc_multiplexers.v(24): variable "R2" is read inside the Always Construct but isn't in the Always Construct's Event Control File: C:/Users/admin/Desktop/sw/sw_proc/proc_multiplexers.v Line: 24
Warning (10235): Verilog HDL Always Construct warning at proc_multiplexers.v(25): variable "R1" is read inside the Always Construct but isn't in the Always Construct's Event Control File: C:/Users/admin/Desktop/sw/sw_proc/proc_multiplexers.v Line: 25
Warning (10235): Verilog HDL Always Construct warning at proc_multiplexers.v(26): variable "R0" is read inside the Always Construct but isn't in the Always Construct's Event Control File: C:/Users/admin/Desktop/sw/sw_proc/proc_multiplexers.v Line: 26
Info (10264): Verilog HDL Case Statement information at proc_multiplexers.v(16): all case item expressions in this case statement are onehot File: C:/Users/admin/Desktop/sw/sw_proc/proc_multiplexers.v Line: 16
Warning (12241): 2 hierarchies have connectivity warnings - see the Connectivity Checks report folder
Info (286030): Timing-Driven Synthesis is running
Info (17016): Found the following redundant logic cells in design
    Info (17048): Logic cell "proc:cpu|cu_FSM:cu|I[1]" File: C:/Users/admin/Desktop/sw/sw_proc/cu_FSM.v Line: 22
    Info (17048): Logic cell "proc:cpu|cu_FSM:cu|I[2]" File: C:/Users/admin/Desktop/sw/sw_proc/cu_FSM.v Line: 22
    Info (17048): Logic cell "proc:cpu|cu_FSM:cu|I[0]" File: C:/Users/admin/Desktop/sw/sw_proc/cu_FSM.v Line: 22
    Info (17048): Logic cell "proc:cpu|R2[0]" File: C:/Users/admin/Desktop/sw/sw_proc/proc.v Line: 10
    Info (17048): Logic cell "proc:cpu|R4[0]" File: C:/Users/admin/Desktop/sw/sw_proc/proc.v Line: 10
    Info (17048): Logic cell "proc:cpu|R5[0]" File: C:/Users/admin/Desktop/sw/sw_proc/proc.v Line: 10
    Info (17048): Logic cell "proc:cpu|R6[0]" File: C:/Users/admin/Desktop/sw/sw_proc/proc.v Line: 10
    Info (17048): Logic cell "proc:cpu|R3[0]" File: C:/Users/admin/Desktop/sw/sw_proc/proc.v Line: 10
    Info (17048): Logic cell "proc:cpu|R7[0]" File: C:/Users/admin/Desktop/sw/sw_proc/proc.v Line: 10
    Info (17048): Logic cell "proc:cpu|R0[0]" File: C:/Users/admin/Desktop/sw/sw_proc/proc.v Line: 10
    Info (17048): Logic cell "proc:cpu|R1[0]" File: C:/Users/admin/Desktop/sw/sw_proc/proc.v Line: 10
    Info (17048): Logic cell "proc:cpu|G[0]" File: C:/Users/admin/Desktop/sw/sw_proc/proc.v Line: 11
    Info (17048): Logic cell "proc:cpu|R2[1]" File: C:/Users/admin/Desktop/sw/sw_proc/proc.v Line: 10
    Info (17048): Logic cell "proc:cpu|R4[1]" File: C:/Users/admin/Desktop/sw/sw_proc/proc.v Line: 10
    Info (17048): Logic cell "proc:cpu|R5[1]" File: C:/Users/admin/Desktop/sw/sw_proc/proc.v Line: 10
    Info (17048): Logic cell "proc:cpu|R6[1]" File: C:/Users/admin/Desktop/sw/sw_proc/proc.v Line: 10
    Info (17048): Logic cell "proc:cpu|R3[1]" File: C:/Users/admin/Desktop/sw/sw_proc/proc.v Line: 10
    Info (17048): Logic cell "proc:cpu|R7[1]" File: C:/Users/admin/Desktop/sw/sw_proc/proc.v Line: 10
    Info (17048): Logic cell "proc:cpu|R0[1]" File: C:/Users/admin/Desktop/sw/sw_proc/proc.v Line: 10
    Info (17048): Logic cell "proc:cpu|R1[1]" File: C:/Users/admin/Desktop/sw/sw_proc/proc.v Line: 10
    Info (17048): Logic cell "proc:cpu|G[1]" File: C:/Users/admin/Desktop/sw/sw_proc/proc.v Line: 11
    Info (17048): Logic cell "proc:cpu|R2[2]" File: C:/Users/admin/Desktop/sw/sw_proc/proc.v Line: 10
    Info (17048): Logic cell "proc:cpu|R4[2]" File: C:/Users/admin/Desktop/sw/sw_proc/proc.v Line: 10
    Info (17048): Logic cell "proc:cpu|R5[2]" File: C:/Users/admin/Desktop/sw/sw_proc/proc.v Line: 10
    Info (17048): Logic cell "proc:cpu|R6[2]" File: C:/Users/admin/Desktop/sw/sw_proc/proc.v Line: 10
    Info (17048): Logic cell "proc:cpu|R3[2]" File: C:/Users/admin/Desktop/sw/sw_proc/proc.v Line: 10
    Info (17048): Logic cell "proc:cpu|R7[2]" File: C:/Users/admin/Desktop/sw/sw_proc/proc.v Line: 10
    Info (17048): Logic cell "proc:cpu|R0[2]" File: C:/Users/admin/Desktop/sw/sw_proc/proc.v Line: 10
    Info (17048): Logic cell "proc:cpu|R1[2]" File: C:/Users/admin/Desktop/sw/sw_proc/proc.v Line: 10
    Info (17048): Logic cell "proc:cpu|G[2]" File: C:/Users/admin/Desktop/sw/sw_proc/proc.v Line: 11
    Info (17048): Logic cell "proc:cpu|R2[3]" File: C:/Users/admin/Desktop/sw/sw_proc/proc.v Line: 10
    Info (17048): Logic cell "proc:cpu|R4[3]" File: C:/Users/admin/Desktop/sw/sw_proc/proc.v Line: 10
    Info (17048): Logic cell "proc:cpu|R5[3]" File: C:/Users/admin/Desktop/sw/sw_proc/proc.v Line: 10
    Info (17048): Logic cell "proc:cpu|R6[3]" File: C:/Users/admin/Desktop/sw/sw_proc/proc.v Line: 10
    Info (17048): Logic cell "proc:cpu|R3[3]" File: C:/Users/admin/Desktop/sw/sw_proc/proc.v Line: 10
    Info (17048): Logic cell "proc:cpu|R7[3]" File: C:/Users/admin/Desktop/sw/sw_proc/proc.v Line: 10
    Info (17048): Logic cell "proc:cpu|R0[3]" File: C:/Users/admin/Desktop/sw/sw_proc/proc.v Line: 10
    Info (17048): Logic cell "proc:cpu|R1[3]" File: C:/Users/admin/Desktop/sw/sw_proc/proc.v Line: 10
    Info (17048): Logic cell "proc:cpu|G[3]" File: C:/Users/admin/Desktop/sw/sw_proc/proc.v Line: 11
    Info (17048): Logic cell "proc:cpu|R2[4]" File: C:/Users/admin/Desktop/sw/sw_proc/proc.v Line: 10
    Info (17048): Logic cell "proc:cpu|R4[4]" File: C:/Users/admin/Desktop/sw/sw_proc/proc.v Line: 10
    Info (17048): Logic cell "proc:cpu|R5[4]" File: C:/Users/admin/Desktop/sw/sw_proc/proc.v Line: 10
    Info (17048): Logic cell "proc:cpu|R6[4]" File: C:/Users/admin/Desktop/sw/sw_proc/proc.v Line: 10
    Info (17048): Logic cell "proc:cpu|R3[4]" File: C:/Users/admin/Desktop/sw/sw_proc/proc.v Line: 10
    Info (17048): Logic cell "proc:cpu|R7[4]" File: C:/Users/admin/Desktop/sw/sw_proc/proc.v Line: 10
    Info (17048): Logic cell "proc:cpu|R0[4]" File: C:/Users/admin/Desktop/sw/sw_proc/proc.v Line: 10
    Info (17048): Logic cell "proc:cpu|R1[4]" File: C:/Users/admin/Desktop/sw/sw_proc/proc.v Line: 10
    Info (17048): Logic cell "proc:cpu|G[4]" File: C:/Users/admin/Desktop/sw/sw_proc/proc.v Line: 11
    Info (17048): Logic cell "proc:cpu|R2[5]" File: C:/Users/admin/Desktop/sw/sw_proc/proc.v Line: 10
    Info (17048): Logic cell "proc:cpu|R4[5]" File: C:/Users/admin/Desktop/sw/sw_proc/proc.v Line: 10
    Info (17048): Logic cell "proc:cpu|R5[5]" File: C:/Users/admin/Desktop/sw/sw_proc/proc.v Line: 10
    Info (17048): Logic cell "proc:cpu|R6[5]" File: C:/Users/admin/Desktop/sw/sw_proc/proc.v Line: 10
    Info (17048): Logic cell "proc:cpu|R3[5]" File: C:/Users/admin/Desktop/sw/sw_proc/proc.v Line: 10
    Info (17048): Logic cell "proc:cpu|R7[5]" File: C:/Users/admin/Desktop/sw/sw_proc/proc.v Line: 10
    Info (17048): Logic cell "proc:cpu|R0[5]" File: C:/Users/admin/Desktop/sw/sw_proc/proc.v Line: 10
    Info (17048): Logic cell "proc:cpu|R1[5]" File: C:/Users/admin/Desktop/sw/sw_proc/proc.v Line: 10
    Info (17048): Logic cell "proc:cpu|G[5]" File: C:/Users/admin/Desktop/sw/sw_proc/proc.v Line: 11
    Info (17048): Logic cell "proc:cpu|R2[6]" File: C:/Users/admin/Desktop/sw/sw_proc/proc.v Line: 10
    Info (17048): Logic cell "proc:cpu|R4[6]" File: C:/Users/admin/Desktop/sw/sw_proc/proc.v Line: 10
    Info (17048): Logic cell "proc:cpu|R5[6]" File: C:/Users/admin/Desktop/sw/sw_proc/proc.v Line: 10
    Info (17048): Logic cell "proc:cpu|R6[6]" File: C:/Users/admin/Desktop/sw/sw_proc/proc.v Line: 10
    Info (17048): Logic cell "proc:cpu|R3[6]" File: C:/Users/admin/Desktop/sw/sw_proc/proc.v Line: 10
    Info (17048): Logic cell "proc:cpu|R7[6]" File: C:/Users/admin/Desktop/sw/sw_proc/proc.v Line: 10
    Info (17048): Logic cell "proc:cpu|R0[6]" File: C:/Users/admin/Desktop/sw/sw_proc/proc.v Line: 10
    Info (17048): Logic cell "proc:cpu|R1[6]" File: C:/Users/admin/Desktop/sw/sw_proc/proc.v Line: 10
    Info (17048): Logic cell "proc:cpu|G[6]" File: C:/Users/admin/Desktop/sw/sw_proc/proc.v Line: 11
    Info (17048): Logic cell "proc:cpu|R2[7]" File: C:/Users/admin/Desktop/sw/sw_proc/proc.v Line: 10
    Info (17048): Logic cell "proc:cpu|R4[7]" File: C:/Users/admin/Desktop/sw/sw_proc/proc.v Line: 10
    Info (17048): Logic cell "proc:cpu|R5[7]" File: C:/Users/admin/Desktop/sw/sw_proc/proc.v Line: 10
    Info (17048): Logic cell "proc:cpu|R6[7]" File: C:/Users/admin/Desktop/sw/sw_proc/proc.v Line: 10
    Info (17048): Logic cell "proc:cpu|R3[7]" File: C:/Users/admin/Desktop/sw/sw_proc/proc.v Line: 10
    Info (17048): Logic cell "proc:cpu|R7[7]" File: C:/Users/admin/Desktop/sw/sw_proc/proc.v Line: 10
    Info (17048): Logic cell "proc:cpu|R0[7]" File: C:/Users/admin/Desktop/sw/sw_proc/proc.v Line: 10
    Info (17048): Logic cell "proc:cpu|R1[7]" File: C:/Users/admin/Desktop/sw/sw_proc/proc.v Line: 10
    Info (17048): Logic cell "proc:cpu|G[7]" File: C:/Users/admin/Desktop/sw/sw_proc/proc.v Line: 11
    Info (17048): Logic cell "proc:cpu|R2[8]" File: C:/Users/admin/Desktop/sw/sw_proc/proc.v Line: 10
    Info (17048): Logic cell "proc:cpu|R4[8]" File: C:/Users/admin/Desktop/sw/sw_proc/proc.v Line: 10
    Info (17048): Logic cell "proc:cpu|R5[8]" File: C:/Users/admin/Desktop/sw/sw_proc/proc.v Line: 10
    Info (17048): Logic cell "proc:cpu|R6[8]" File: C:/Users/admin/Desktop/sw/sw_proc/proc.v Line: 10
    Info (17048): Logic cell "proc:cpu|R3[8]" File: C:/Users/admin/Desktop/sw/sw_proc/proc.v Line: 10
    Info (17048): Logic cell "proc:cpu|R7[8]" File: C:/Users/admin/Desktop/sw/sw_proc/proc.v Line: 10
    Info (17048): Logic cell "proc:cpu|R0[8]" File: C:/Users/admin/Desktop/sw/sw_proc/proc.v Line: 10
    Info (17048): Logic cell "proc:cpu|R1[8]" File: C:/Users/admin/Desktop/sw/sw_proc/proc.v Line: 10
    Info (17048): Logic cell "proc:cpu|G[8]" File: C:/Users/admin/Desktop/sw/sw_proc/proc.v Line: 11
    Info (17048): Logic cell "proc:cpu|A[0]" File: C:/Users/admin/Desktop/sw/sw_proc/proc.v Line: 13
    Info (17048): Logic cell "proc:cpu|A[1]" File: C:/Users/admin/Desktop/sw/sw_proc/proc.v Line: 13
    Info (17048): Logic cell "proc:cpu|A[2]" File: C:/Users/admin/Desktop/sw/sw_proc/proc.v Line: 13
    Info (17048): Logic cell "proc:cpu|A[3]" File: C:/Users/admin/Desktop/sw/sw_proc/proc.v Line: 13
    Info (17048): Logic cell "proc:cpu|A[4]" File: C:/Users/admin/Desktop/sw/sw_proc/proc.v Line: 13
    Info (17048): Logic cell "proc:cpu|A[5]" File: C:/Users/admin/Desktop/sw/sw_proc/proc.v Line: 13
    Info (17048): Logic cell "proc:cpu|A[6]" File: C:/Users/admin/Desktop/sw/sw_proc/proc.v Line: 13
    Info (17048): Logic cell "proc:cpu|A[7]" File: C:/Users/admin/Desktop/sw/sw_proc/proc.v Line: 13
    Info (17048): Logic cell "proc:cpu|A[8]" File: C:/Users/admin/Desktop/sw/sw_proc/proc.v Line: 13
Info (144001): Generated suppressed messages file C:/Users/admin/Desktop/sw/sw_proc/output_files/processor_with_ROM.map.smsg
Info (16010): Generating hard_block partition "hard_block:auto_generated_inst"
    Info (16011): Adding 0 node(s), including 0 DDIO, 0 PLL, 0 transceiver and 0 LCELL
Info (21057): Implemented 333 device resources after synthesis - the final resource count might be different
    Info (21058): Implemented 4 input pins
    Info (21059): Implemented 10 output pins
    Info (21061): Implemented 310 logic cells
    Info (21064): Implemented 9 RAM segments
Info: Quartus Prime Analysis & Synthesis was successful. 0 errors, 17 warnings
    Info: Peak virtual memory: 4855 megabytes
    Info: Processing ended: Wed May 22 23:48:02 2019
    Info: Elapsed time: 00:00:25
    Info: Total CPU time (on all processors): 00:00:52


+------------------------------------------+
; Analysis & Synthesis Suppressed Messages ;
+------------------------------------------+
The suppressed messages can be found in C:/Users/admin/Desktop/sw/sw_proc/output_files/processor_with_ROM.map.smsg.


